[debug] [2021-04-27T14:20:16.301Z] ----------------------------------------------------------------------
[debug] [2021-04-27T14:20:16.304Z] Command:       C:\Program Files\nodejs\node.exe C:\Users\Akshad Nayakwadi\AppData\Roaming\npm\node_modules\firebase-tools\lib\bin\firebase.js login
[debug] [2021-04-27T14:20:16.304Z] CLI Version:   9.10.0
[debug] [2021-04-27T14:20:16.304Z] Platform:      win32
[debug] [2021-04-27T14:20:16.305Z] Node Version:  v14.15.3
[debug] [2021-04-27T14:20:16.306Z] Time:          Tue Apr 27 2021 19:50:16 GMT+0530 (India Standard Time)
[debug] [2021-04-27T14:20:16.306Z] ----------------------------------------------------------------------
[debug] 
[debug] [2021-04-27T14:20:16.308Z] >>> [apiv2][query] GET https://firebase-public.firebaseio.com/cli.json [none]
[info] i  Firebase optionally collects CLI usage and error reporting information to help improve our products. Data is collected in accordance with Google's privacy policy (https://policies.google.com/privacy) and is not used to identify you.
 
[debug] [2021-04-27T14:20:17.490Z] <<< [apiv2][status] GET https://firebase-public.firebaseio.com/cli.json 200
[debug] [2021-04-27T14:20:17.491Z] <<< [apiv2][body] GET https://firebase-public.firebaseio.com/cli.json {"cloudBuildErrorAfter":1594252800000,"cloudBuildWarnAfter":1590019200000,"defaultNode10After":1594252800000,"minVersion":"3.0.5","node8DeploysDisabledAfter":1613390400000,"node8RuntimeDisabledAfter":1615809600000,"node8WarnAfter":1600128000000}
[info] i  To change your data collection preference at any time, run `firebase logout` and log in again. 
[info] 
[info] Visit this URL on this device to log in:
[info] https://accounts.google.com/o/oauth2/auth?client_id=563584335869-fgrhgmd47bqnekij5i8b5pr03ho849e6.apps.googleusercontent.com&scope=email%20openid%20https%3A%2F%2Fwww.googleapis.com%2Fauth%2Fcloudplatformprojects.readonly%20https%3A%2F%2Fwww.googleapis.com%2Fauth%2Ffirebase%20https%3A%2F%2Fwww.googleapis.com%2Fauth%2Fcloud-platform&response_type=code&state=588454831&redirect_uri=http%3A%2F%2Flocalhost%3A9005
[info] 
[info] Waiting for authentication...
[debug] [2021-04-27T14:20:48.789Z] Error: spawn cmd ENOENT
    at Process.ChildProcess._handle.onexit (internal/child_process.js:269:19)
    at onErrorNT (internal/child_process.js:465:16)
    at processTicksAndRejections (internal/process/task_queues.js:80:21)
[error] 
[error] Error: An unexpected error has occurred.
[debug] [2021-04-27T14:21:49.377Z] ----------------------------------------------------------------------
[debug] [2021-04-27T14:21:49.380Z] Command:       C:\Program Files\nodejs\node.exe C:\Users\Akshad Nayakwadi\AppData\Roaming\npm\node_modules\firebase-tools\lib\bin\firebase.js login
[debug] [2021-04-27T14:21:49.380Z] CLI Version:   9.10.0
[debug] [2021-04-27T14:21:49.380Z] Platform:      win32
[debug] [2021-04-27T14:21:49.380Z] Node Version:  v14.15.3
[debug] [2021-04-27T14:21:49.381Z] Time:          Tue Apr 27 2021 19:51:49 GMT+0530 (India Standard Time)
[debug] [2021-04-27T14:21:49.381Z] ----------------------------------------------------------------------
[debug] 
[info] i  Firebase optionally collects CLI usage and error reporting information to help improve our products. Data is collected in accordance with Google's privacy policy (https://policies.google.com/privacy) and is not used to identify you.
 
[info] i  To change your data collection preference at any time, run `firebase logout` and log in again. 
[info] 
[info] Visit this URL on this device to log in:
[info] https://accounts.google.com/o/oauth2/auth?client_id=563584335869-fgrhgmd47bqnekij5i8b5pr03ho849e6.apps.googleusercontent.com&scope=email%20openid%20https%3A%2F%2Fwww.googleapis.com%2Fauth%2Fcloudplatformprojects.readonly%20https%3A%2F%2Fwww.googleapis.com%2Fauth%2Ffirebase%20https%3A%2F%2Fwww.googleapis.com%2Fauth%2Fcloud-platform&response_type=code&state=526912831&redirect_uri=http%3A%2F%2Flocalhost%3A9005
[info] 
[info] Waiting for authentication...
[debug] [2021-04-27T14:21:58.800Z] Error: spawn cmd ENOENT
    at Process.ChildProcess._handle.onexit (internal/child_process.js:269:19)
    at onErrorNT (internal/child_process.js:465:16)
    at processTicksAndRejections (internal/process/task_queues.js:80:21)
[error] 
[error] Error: An unexpected error has occurred.
[debug] [2021-04-27T14:24:36.369Z] ----------------------------------------------------------------------
[debug] [2021-04-27T14:24:36.374Z] Command:       C:\Program Files\nodejs\node.exe C:\Users\Akshad Nayakwadi\AppData\Roaming\npm\node_modules\firebase-tools\lib\bin\firebase.js login
[debug] [2021-04-27T14:24:36.375Z] CLI Version:   9.10.0
[debug] [2021-04-27T14:24:36.375Z] Platform:      win32
[debug] [2021-04-27T14:24:36.375Z] Node Version:  v14.15.3
[debug] [2021-04-27T14:24:36.377Z] Time:          Tue Apr 27 2021 19:54:36 GMT+0530 (India Standard Time)
[debug] [2021-04-27T14:24:36.377Z] ----------------------------------------------------------------------
[debug] 
[info] i  Firebase optionally collects CLI usage and error reporting information to help improve our products. Data is collected in accordance with Google's privacy policy (https://policies.google.com/privacy) and is not used to identify you.
 
[info] i  To change your data collection preference at any time, run `firebase logout` and log in again. 
[info] 
[info] Visit this URL on this device to log in:
[info] https://accounts.google.com/o/oauth2/auth?client_id=563584335869-fgrhgmd47bqnekij5i8b5pr03ho849e6.apps.googleusercontent.com&scope=email%20openid%20https%3A%2F%2Fwww.googleapis.com%2Fauth%2Fcloudplatformprojects.readonly%20https%3A%2F%2Fwww.googleapis.com%2Fauth%2Ffirebase%20https%3A%2F%2Fwww.googleapis.com%2Fauth%2Fcloud-platform&response_type=code&state=225703663&redirect_uri=http%3A%2F%2Flocalhost%3A9005
[info] 
[info] Waiting for authentication...
[debug] [2021-04-27T14:24:40.681Z] Error: spawn cmd ENOENT
    at Process.ChildProcess._handle.onexit (internal/child_process.js:269:19)
    at onErrorNT (internal/child_process.js:465:16)
    at processTicksAndRejections (internal/process/task_queues.js:80:21)
[error] 
[error] Error: An unexpected error has occurred.
[debug] [2021-04-27T14:28:38.101Z] ----------------------------------------------------------------------
[debug] [2021-04-27T14:28:38.106Z] Command:       C:\Program Files\nodejs\node.exe C:\Users\Akshad Nayakwadi\AppData\Roaming\npm\node_modules\firebase-tools\lib\bin\firebase.js login --interactive
[debug] [2021-04-27T14:28:38.107Z] CLI Version:   9.10.0
[debug] [2021-04-27T14:28:38.107Z] Platform:      win32
[debug] [2021-04-27T14:28:38.107Z] Node Version:  v14.15.3
[debug] [2021-04-27T14:28:38.109Z] Time:          Tue Apr 27 2021 19:58:38 GMT+0530 (India Standard Time)
[debug] [2021-04-27T14:28:38.109Z] ----------------------------------------------------------------------
[debug] 
[info] i  Firebase optionally collects CLI usage and error reporting information to help improve our products. Data is collected in accordance with Google's privacy policy (https://policies.google.com/privacy) and is not used to identify you.
 
[info] i  To change your data collection preference at any time, run `firebase logout` and log in again. 
[info] 
[info] Visit this URL on this device to log in:
[info] https://accounts.google.com/o/oauth2/auth?client_id=563584335869-fgrhgmd47bqnekij5i8b5pr03ho849e6.apps.googleusercontent.com&scope=email%20openid%20https%3A%2F%2Fwww.googleapis.com%2Fauth%2Fcloudplatformprojects.readonly%20https%3A%2F%2Fwww.googleapis.com%2Fauth%2Ffirebase%20https%3A%2F%2Fwww.googleapis.com%2Fauth%2Fcloud-platform&response_type=code&state=181480899&redirect_uri=http%3A%2F%2Flocalhost%3A9005
[info] 
[info] Waiting for authentication...
[debug] [2021-04-27T14:28:45.172Z] Error: spawn cmd ENOENT
    at Process.ChildProcess._handle.onexit (internal/child_process.js:269:19)
    at onErrorNT (internal/child_process.js:465:16)
    at processTicksAndRejections (internal/process/task_queues.js:80:21)
[error] 
[error] Error: An unexpected error has occurred.
[debug] [2021-04-27T14:29:43.126Z] ----------------------------------------------------------------------
[debug] [2021-04-27T14:29:43.131Z] Command:       C:\Program Files\nodejs\node.exe C:\Users\Akshad Nayakwadi\AppData\Roaming\npm\node_modules\firebase-tools\lib\bin\firebase.js login --interactive
[debug] [2021-04-27T14:29:43.131Z] CLI Version:   9.10.0
[debug] [2021-04-27T14:29:43.132Z] Platform:      win32
[debug] [2021-04-27T14:29:43.132Z] Node Version:  v14.15.3
[debug] [2021-04-27T14:29:43.134Z] Time:          Tue Apr 27 2021 19:59:43 GMT+0530 (India Standard Time)
[debug] [2021-04-27T14:29:43.134Z] ----------------------------------------------------------------------
[debug] 
[info] i  Firebase optionally collects CLI usage and error reporting information to help improve our products. Data is collected in accordance with Google's privacy policy (https://policies.google.com/privacy) and is not used to identify you.
 
[info] i  To change your data collection preference at any time, run `firebase logout` and log in again. 
[info] 
[info] Visit this URL on this device to log in:
[info] https://accounts.google.com/o/oauth2/auth?client_id=563584335869-fgrhgmd47bqnekij5i8b5pr03ho849e6.apps.googleusercontent.com&scope=email%20openid%20https%3A%2F%2Fwww.googleapis.com%2Fauth%2Fcloudplatformprojects.readonly%20https%3A%2F%2Fwww.googleapis.com%2Fauth%2Ffirebase%20https%3A%2F%2Fwww.googleapis.com%2Fauth%2Fcloud-platform&response_type=code&state=891543219&redirect_uri=http%3A%2F%2Flocalhost%3A9005
[info] 
[info] Waiting for authentication...
[debug] [2021-04-27T14:29:47.033Z] Error: spawn cmd ENOENT
    at Process.ChildProcess._handle.onexit (internal/child_process.js:269:19)
    at onErrorNT (internal/child_process.js:465:16)
    at processTicksAndRejections (internal/process/task_queues.js:80:21)
[error] 
[error] Error: An unexpected error has occurred.
[debug] [2021-04-27T14:30:19.817Z] ----------------------------------------------------------------------
[debug] [2021-04-27T14:30:19.822Z] Command:       C:\Program Files\nodejs\node.exe C:\Users\Akshad Nayakwadi\AppData\Roaming\npm\node_modules\firebase-tools\lib\bin\firebase.js login --interactive
[debug] [2021-04-27T14:30:19.822Z] CLI Version:   9.10.0
[debug] [2021-04-27T14:30:19.823Z] Platform:      win32
[debug] [2021-04-27T14:30:19.823Z] Node Version:  v14.15.3
[debug] [2021-04-27T14:30:19.825Z] Time:          Tue Apr 27 2021 20:00:19 GMT+0530 (India Standard Time)
[debug] [2021-04-27T14:30:19.826Z] ----------------------------------------------------------------------
[debug] 
[info] i  Firebase optionally collects CLI usage and error reporting information to help improve our products. Data is collected in accordance with Google's privacy policy (https://policies.google.com/privacy) and is not used to identify you.
 
[info] i  To change your data collection preference at any time, run `firebase logout` and log in again. 
[info] 
[info] Visit this URL on this device to log in:
[info] https://accounts.google.com/o/oauth2/auth?client_id=563584335869-fgrhgmd47bqnekij5i8b5pr03ho849e6.apps.googleusercontent.com&scope=email%20openid%20https%3A%2F%2Fwww.googleapis.com%2Fauth%2Fcloudplatformprojects.readonly%20https%3A%2F%2Fwww.googleapis.com%2Fauth%2Ffirebase%20https%3A%2F%2Fwww.googleapis.com%2Fauth%2Fcloud-platform&response_type=code&state=287511000&redirect_uri=http%3A%2F%2Flocalhost%3A9005
[info] 
[info] Waiting for authentication...
[debug] [2021-04-27T14:30:22.686Z] Error: spawn cmd ENOENT
    at Process.ChildProcess._handle.onexit (internal/child_process.js:269:19)
    at onErrorNT (internal/child_process.js:465:16)
    at processTicksAndRejections (internal/process/task_queues.js:80:21)
[error] 
[error] Error: An unexpected error has occurred.
